******** pubgPoseFake logs ********

load openpose (h5)model...
* h5模型加载时间为：7.54s.
>>> start processing frame by frame...
* 共计922.0帧图像，预计耗时30.73min.
pose_scale is set to:(1.0, 1.0)
> pose_radius = 126.000
> pose_radius = 128.000
> pose_radius = 129.000
> pose_radius = 129.000
> pose_radius = 130.000
> pose_radius = 129.000
> pose_radius = 126.000
> pose_radius = 128.000
> pose_radius = 128.000
> pose_radius = 130.000
> pose_radius = 128.000
> pose_radius = 127.000
> pose_radius = 124.000
> pose_radius = 127.000
> pose_radius = 135.000
> pose_radius = 134.000
> pose_radius = 123.000
> pose_radius = 122.000
> pose_radius = 122.000
已处理20/922帧图像， 用时42.6649s， 平均每帧用时2.1332s

> pose_radius = 122.000
> pose_radius = 123.000
> pose_radius = 122.000
> pose_radius = 124.000
> pose_radius = 123.000
> pose_radius = 121.000
> pose_radius = 120.000
> pose_radius = 4.000
> pose_radius = 119.000
> pose_radius = 119.000
> pose_radius = 120.000
> pose_radius = 123.000
> pose_radius = 123.000
> pose_radius = 123.000
> pose_radius = 124.000
> pose_radius = 126.000
> pose_radius = 126.000
> pose_radius = 126.000
> pose_radius = 126.000
> pose_radius = 126.000
已处理40/922帧图像， 用时85.1153s， 平均每帧用时2.1279s

> pose_radius = 123.000
